[root@lvm vagrant]# vgs
  VG         #PV #LV #SN Attr   VSize   VFree
  VolGroup00   1   2   0 wz--n- <38.97g    0
[root@lvm vagrant]# vgrename VolGroup00 OtusRoot
  Volume group "VolGroup00" successfully renamed to "OtusRoot"
[root@lvm vagrant]# nano /etc/fstab
[root@lvm vagrant]# nano /etc/default/grub
[root@lvm vagrant]# nano /boot/grub2/grub.cfg
[root@lvm vagrant]# grep VolGroup00 /etc/fstab
[root@lvm vagrant]# grep VolGroup00 /etc/default/grub
[root@lvm vagrant]# grep VolGroup00 /boot/grub2/grub.cfg
[root@lvm vagrant]# grep OtusRoot /etc/fstab
/dev/mapper/OtusRoot-LogVol00 /                       xfs     defaults        0 0
/dev/mapper/OtusRoot-LogVol01 swap                    swap    defaults        0 0
[root@lvm vagrant]# grep OtusRoot /etc/default/grub
GRUB_CMDLINE_LINUX="no_timer_check console=tty0 console=ttyS0,115200n8 net.ifnames=0 biosdevname=0 elevator=noop crashkernel=auto rd.lvm.lv=OtusRoot/LogVol00 rd.lvm.lv=OtusRoot/LogVol01 rhgb quiet"
[root@lvm vagrant]# grep OtusRoot /boot/grub2/grub.cfg
	linux16 /vmlinuz-3.10.0-862.2.3.el7.x86_64 root=/dev/mapper/OtusRoot-LogVol00 ro no_timer_check console=tty0 console=ttyS0,115200n8 net.ifnames=0 biosdevname=0 elevator=noop crashkernel=auto rd.lvm.lv=OtusRoot/LogVol00 rd.lvm.lv=OtusRoot/LogVol01 rhgb quiet
[root@lvm vagrant]# mkinitrd -f -v /boot/initramfs-$(uname -r).img $(uname -r)
Executing: /sbin/dracut -f -v /boot/initramfs-3.10.0-862.2.3.el7.x86_64.img 3.10.0-862.2.3.el7.x86_64
dracut module 'busybox' will not be installed, because command 'busybox' could not be found!
dracut module 'crypt' will not be installed, because command 'cryptsetup' could not be found!
dracut module 'dmraid' will not be installed, because command 'dmraid' could not be found!
dracut module 'dmsquash-live-ntfs' will not be installed, because command 'ntfs-3g' could not be found!
dracut module 'multipath' will not be installed, because command 'multipath' could not be found!
dracut module 'busybox' will not be installed, because command 'busybox' could not be found!
dracut module 'crypt' will not be installed, because command 'cryptsetup' could not be found!
dracut module 'dmraid' will not be installed, because command 'dmraid' could not be found!
dracut module 'dmsquash-live-ntfs' will not be installed, because command 'ntfs-3g' could not be found!
dracut module 'multipath' will not be installed, because command 'multipath' could not be found!
*** Including module: bash ***
*** Including module: nss-softokn ***
*** Including module: i18n ***
*** Including module: drm ***
*** Including module: plymouth ***
*** Including module: dm ***
Skipping udev rule: 64-device-mapper.rules
Skipping udev rule: 60-persistent-storage-dm.rules
Skipping udev rule: 55-dm.rules
*** Including module: kernel-modules ***
Omitting driver floppy
*** Including module: lvm ***
Skipping udev rule: 64-device-mapper.rules
Skipping udev rule: 56-lvm.rules
Skipping udev rule: 60-persistent-storage-lvm.rules
*** Including module: qemu ***
*** Including module: resume ***
*** Including module: rootfs-block ***
*** Including module: terminfo ***
*** Including module: udev-rules ***
Skipping udev rule: 40-redhat-cpu-hotplug.rules
Skipping udev rule: 91-permissions.rules
*** Including module: biosdevname ***
*** Including module: systemd ***
*** Including module: usrmount ***
*** Including module: base ***
*** Including module: fs-lib ***
*** Including module: shutdown ***
*** Including modules done ***
*** Installing kernel module dependencies and firmware ***
*** Installing kernel module dependencies and firmware done ***
*** Resolving executable dependencies ***
*** Resolving executable dependencies done***
*** Hardlinking files ***
*** Hardlinking files done ***
*** Stripping files ***
*** Stripping files done ***
*** Generating early-microcode cpio image contents ***
*** No early-microcode cpio image needed ***
*** Store current command line parameters ***
*** Creating image file ***
*** Creating image file done ***
*** Creating initramfs image file '/boot/initramfs-3.10.0-862.2.3.el7.x86_64.img' done ***
[root@lvm vagrant]# reboot
[vagrant@lvm ~]$ sudo vgs
  VG       #PV #LV #SN Attr   VSize   VFree
  OtusRoot   1   2   0 wz--n- <38.97g    0